{
  "numTotalTestSuites": 2,
  "numPassedTestSuites": 2,
  "numFailedTestSuites": 0,
  "numPendingTestSuites": 0,
  "numTotalTests": 1,
  "numPassedTests": 1,
  "numFailedTests": 0,
  "numPendingTests": 0,
  "numTodoTests": 0,
  "startTime": 1682814164326,
  "success": true,
  "testResults": [
    {
      "assertionResults": [
        {
          "ancestorTitles": [
            "",
            "C3-IDL"
          ],
          "fullName": " C3-IDL should work",
          "status": "passed",
          "title": "should work",
          "duration": 382,
          "failureMessages": []
        }
      ],
      "startTime": 1682814165013,
      "endTime": 1682814165395,
      "status": "passed",
      "message": "",
      "name": "/Users/nicholaspadilla/workspace/git/continuum-framework/continuum-idl-js/continuum-idl-js/test/C3Idl.test.ts"
    }
  ]
}